Using pre-set license
Built from '2022.3/staging' branch; Version is '2022.3.21f1 (bf09ca542b87) revision 12519882'; Using compiler version '192829333'; Build Type 'Release'
OS: 'Windows 11  (10.0.22631) 64bit Professional' Language: 'pl' Physical Memory: 32511 MB
BatchMode: 1, IsHumanControllingUs: 0, StartBugReporterOnCrash: 0, Is64bit: 1, IsPro: 1

COMMAND LINE ARGUMENTS:
C:\Unity\Unity\2022.3.21f1\Editor\Unity.exe
-adb2
-batchMode
-noUpm
-name
AssetImportWorker2
-projectPath
C:/Repos/Racing_game_proj/My project
-logFile
Logs/AssetImportWorker2.log
-srvPort
53819
Successfully changed project path to: C:/Repos/Racing_game_proj/My project
C:/Repos/Racing_game_proj/My project
[UnityMemory] Configuration Parameters - Can be set up in boot.config
    "memorysetup-bucket-allocator-granularity=16"
    "memorysetup-bucket-allocator-bucket-count=8"
    "memorysetup-bucket-allocator-block-size=33554432"
    "memorysetup-bucket-allocator-block-count=8"
    "memorysetup-main-allocator-block-size=16777216"
    "memorysetup-thread-allocator-block-size=16777216"
    "memorysetup-gfx-main-allocator-block-size=16777216"
    "memorysetup-gfx-thread-allocator-block-size=16777216"
    "memorysetup-cache-allocator-block-size=4194304"
    "memorysetup-typetree-allocator-block-size=2097152"
    "memorysetup-profiler-bucket-allocator-granularity=16"
    "memorysetup-profiler-bucket-allocator-bucket-count=8"
    "memorysetup-profiler-bucket-allocator-block-size=33554432"
    "memorysetup-profiler-bucket-allocator-block-count=8"
    "memorysetup-profiler-allocator-block-size=16777216"
    "memorysetup-profiler-editor-allocator-block-size=1048576"
    "memorysetup-temp-allocator-size-main=16777216"
    "memorysetup-job-temp-allocator-block-size=2097152"
    "memorysetup-job-temp-allocator-block-size-background=1048576"
    "memorysetup-job-temp-allocator-reduction-small-platforms=262144"
    "memorysetup-allocator-temp-initial-block-size-main=262144"
    "memorysetup-allocator-temp-initial-block-size-worker=262144"
    "memorysetup-temp-allocator-size-background-worker=32768"
    "memorysetup-temp-allocator-size-job-worker=262144"
    "memorysetup-temp-allocator-size-preload-manager=33554432"
    "memorysetup-temp-allocator-size-nav-mesh-worker=65536"
    "memorysetup-temp-allocator-size-audio-worker=65536"
    "memorysetup-temp-allocator-size-cloud-worker=32768"
    "memorysetup-temp-allocator-size-gi-baking-worker=262144"
    "memorysetup-temp-allocator-size-gfx=262144"
Player connection [12544] Host "[IP] 192.168.1.37 [Port] 0 [Flags] 2 [Guid] 324387926 [EditorId] 324387926 [Version] 1048832 [Id] WindowsEditor(7,DESKTOP-1L8NFGO) [Debug] 1 [PackageName] WindowsEditor [ProjectName] Editor" joined multi-casting on [225.0.0.222:54997]...

Player connection [12544] Host "[IP] 192.168.1.37 [Port] 0 [Flags] 2 [Guid] 324387926 [EditorId] 324387926 [Version] 1048832 [Id] WindowsEditor(7,DESKTOP-1L8NFGO) [Debug] 1 [PackageName] WindowsEditor [ProjectName] Editor" joined alternative multi-casting on [225.0.0.222:34997]...

[Physics::Module] Initialized MultithreadedJobDispatcher with 11 workers.
Refreshing native plugins compatible for Editor in 5.31 ms, found 3 plugins.
Preloading 0 native plugins for Editor in 0.00 ms.
Initialize engine version: 2022.3.21f1 (bf09ca542b87)
[Subsystems] Discovering subsystems at path C:/Unity/Unity/2022.3.21f1/Editor/Data/Resources/UnitySubsystems
[Subsystems] Discovering subsystems at path C:/Repos/Racing_game_proj/My project/Assets
GfxDevice: creating device client; threaded=0; jobified=0
Direct3D:
    Version:  Direct3D 11.0 [level 11.1]
    Renderer: NVIDIA GeForce RTX 3060 (ID=0x2504)
    Vendor:   NVIDIA
    VRAM:     12129 MB
    Driver:   31.0.15.4601
Initialize mono
Mono path[0] = 'C:/Unity/Unity/2022.3.21f1/Editor/Data/Managed'
Mono path[1] = 'C:/Unity/Unity/2022.3.21f1/Editor/Data/MonoBleedingEdge/lib/mono/unityjit-win32'
Mono config path = 'C:/Unity/Unity/2022.3.21f1/Editor/Data/MonoBleedingEdge/etc'
Using monoOptions --debugger-agent=transport=dt_socket,embedding=1,server=y,suspend=n,address=127.0.0.1:56972
Begin MonoManager ReloadAssembly
Registering precompiled unity dll's ...
Register platform support module: C:/Unity/Unity/2022.3.21f1/Editor/Data/PlaybackEngines/WebGLSupport/UnityEditor.WebGL.Extensions.dll
Register platform support module: C:/Unity/Unity/2022.3.21f1/Editor/Data/PlaybackEngines/WindowsStandaloneSupport/UnityEditor.WindowsStandalone.Extensions.dll
Registered in 0.004383 seconds.
- Loaded All Assemblies, in  0.206 seconds
Native extension for WindowsStandalone target not found
Native extension for WebGL target not found
Mono: successfully reloaded assembly
- Finished resetting the current domain, in  0.161 seconds
Domain Reload Profiling: 367ms
	BeginReloadAssembly (65ms)
		ExecutionOrderSort (0ms)
		DisableScriptedObjects (0ms)
		BackupInstance (0ms)
		ReleaseScriptingObjects (0ms)
		CreateAndSetChildDomain (1ms)
	RebuildCommonClasses (20ms)
	RebuildNativeTypeToScriptingClass (7ms)
	initialDomainReloadingComplete (33ms)
	LoadAllAssembliesAndSetupDomain (80ms)
		LoadAssemblies (64ms)
		RebuildTransferFunctionScriptingTraits (0ms)
		AnalyzeDomain (79ms)
			TypeCache.Refresh (78ms)
				TypeCache.ScanAssembly (71ms)
			ScanForSourceGeneratedMonoScriptInfo (0ms)
			ResolveRequiredComponents (0ms)
	FinalizeReload (161ms)
		ReleaseScriptCaches (0ms)
		RebuildScriptCaches (0ms)
		SetupLoadedEditorAssemblies (127ms)
			LogAssemblyErrors (0ms)
			InitializePlatformSupportModulesInManaged (7ms)
			SetLoadedEditorAssemblies (3ms)
			RefreshPlugins (0ms)
			BeforeProcessingInitializeOnLoad (1ms)
			ProcessInitializeOnLoadAttributes (89ms)
			ProcessInitializeOnLoadMethodAttributes (26ms)
			AfterProcessingInitializeOnLoad (0ms)
			EditorAssembliesLoaded (0ms)
		ExecutionOrderSort2 (0ms)
		AwakeInstancesAfterBackupRestoration (0ms)
========================================================================
Worker process is ready to serve import requests
Begin MonoManager ReloadAssembly
- Loaded All Assemblies, in  0.351 seconds
Refreshing native plugins compatible for Editor in 1.92 ms, found 3 plugins.
Native extension for WindowsStandalone target not found
Native extension for WebGL target not found
Package Manager log level set to [2]
[Package Manager] Server::EnsureServerProcessIsRunning -- launch failed, reason: Unity was launched with the -noUpm command-line argument
[Package Manager] UpmClient::Send -- Unable to send message (not connected to UPM process).
[Package Manager] Cannot connect to Unity Package Manager local server
Mono: successfully reloaded assembly
- Finished resetting the current domain, in  0.378 seconds
Domain Reload Profiling: 728ms
	BeginReloadAssembly (84ms)
		ExecutionOrderSort (0ms)
		DisableScriptedObjects (3ms)
		BackupInstance (0ms)
		ReleaseScriptingObjects (0ms)
		CreateAndSetChildDomain (14ms)
	RebuildCommonClasses (20ms)
	RebuildNativeTypeToScriptingClass (6ms)
	initialDomainReloadingComplete (22ms)
	LoadAllAssembliesAndSetupDomain (217ms)
		LoadAssemblies (169ms)
		RebuildTransferFunctionScriptingTraits (0ms)
		AnalyzeDomain (95ms)
			TypeCache.Refresh (83ms)
				TypeCache.ScanAssembly (75ms)
			ScanForSourceGeneratedMonoScriptInfo (10ms)
			ResolveRequiredComponents (2ms)
	FinalizeReload (379ms)
		ReleaseScriptCaches (0ms)
		RebuildScriptCaches (0ms)
		SetupLoadedEditorAssemblies (296ms)
			LogAssemblyErrors (0ms)
			InitializePlatformSupportModulesInManaged (4ms)
			SetLoadedEditorAssemblies (3ms)
			RefreshPlugins (0ms)
			BeforeProcessingInitializeOnLoad (52ms)
			ProcessInitializeOnLoadAttributes (222ms)
			ProcessInitializeOnLoadMethodAttributes (11ms)
			AfterProcessingInitializeOnLoad (4ms)
			EditorAssembliesLoaded (0ms)
		ExecutionOrderSort2 (0ms)
		AwakeInstancesAfterBackupRestoration (4ms)
Launched and connected shader compiler UnityShaderCompiler.exe after 0.02 seconds
Refreshing native plugins compatible for Editor in 1.87 ms, found 3 plugins.
Preloading 0 native plugins for Editor in 0.00 ms.
Unloading 3503 Unused Serialized files (Serialized files now loaded: 0)
Unloading 37 unused Assets / (115.1 KB). Loaded Objects now: 3968.
Memory consumption went from 143.2 MB to 143.1 MB.
Total: 2.197600 ms (FindLiveObjects: 0.190000 ms CreateObjectMapping: 0.072800 ms MarkObjects: 1.829800 ms  DeleteObjects: 0.104000 ms)

AssetImportParameters requested are different than current active one (requested -> active):
  custom:container-demuxer-ogg: 62fdf1f143b41e24485cea50d1cbac27 -> 
  custom:video-codec-MediaFoundation-h265: 746d11721c4dcdbdad8f713fa42b33f4 -> 
  custom:video-decoder-ogg-theora: a1e56fd34408186e4bbccfd4996cb3dc -> 
  custom:framework-win-MediaFoundation: 216162199b28c13a410421893ffa2e32 -> 
  custom:CustomObjectIndexerAttribute: 9a22284fe3817be447336de3de66b15e -> 
  custom:container-demuxer-webm: 4f35f7cbe854078d1ac9338744f61a02 -> 
  custom:container-muxer-webm: aa71ff27fc2769a1b78a27578f13a17b -> 
  custom:video-decoder-webm-vp8: 9c59270c3fd7afecdb556c50c9e8de78 -> 
  custom:SearchIndexIgnoredProperties: e643bd26f0fe6173181afceb89e7c659 -> 
  custom:AudioImporter_EditorPlatform: d09bf68614088b80899f8185d706f6e7 -> 
  custom:video-encoder-webm-vp8: eb34c28f22e8b96e1ab97ce403110664 -> 
  custom:audio-decoder-ogg-vorbis: bf7c407c2cedff20999df2af8eb42d56 -> 
  custom:audio-encoder-webm-vorbis: bf7c407c2cedff20999df2af8eb42d56 -> 
========================================================================
Received Import Request.
  Time since last request: 2588323.391174 seconds.
  path: Packages/com.unity.collab-proxy/Editor/PlasticSCM/Assets/Images/iconlock@2x.png
  artifactKey: Guid(ba96945b6a1b743579931a87e98041fe) Importer(815301076,1909f56bfc062723c751e8b465ee728b)
Start importing Packages/com.unity.collab-proxy/Editor/PlasticSCM/Assets/Images/iconlock@2x.png using Guid(ba96945b6a1b743579931a87e98041fe) Importer(815301076,1909f56bfc062723c751e8b465ee728b)  -> (artifact id: '8a2a1d10af0a032693881ec876c0013a') in 0.057901 seconds
Number of updated asset objects reloaded before import = 0
Number of asset objects unloaded after import = 3
========================================================================
Received Import Request.
  Time since last request: 96.651127 seconds.
  path: Assets/Resources/Sprites/arrow_left.png
  artifactKey: Guid(15e682c359ff3da4abdfaa8ec7138404) Importer(815301076,1909f56bfc062723c751e8b465ee728b)
Start importing Assets/Resources/Sprites/arrow_left.png using Guid(15e682c359ff3da4abdfaa8ec7138404) Importer(815301076,1909f56bfc062723c751e8b465ee728b)  -> (artifact id: '72eb5a273eba29bdcdf8567f30594fab') in 0.023105 seconds
Number of updated asset objects reloaded before import = 0
Number of asset objects unloaded after import = 3
========================================================================
Received Import Request.
  Time since last request: 7.971049 seconds.
  path: Assets/Resources/Sprites/arrow_right.png
  artifactKey: Guid(b206e9c09d366f54c8b082eb8d621679) Importer(815301076,1909f56bfc062723c751e8b465ee728b)
Start importing Assets/Resources/Sprites/arrow_right.png using Guid(b206e9c09d366f54c8b082eb8d621679) Importer(815301076,1909f56bfc062723c751e8b465ee728b)  -> (artifact id: '83e71020009f45ec60ec83f17f57d344') in 0.024327 seconds
Number of updated asset objects reloaded before import = 0
Number of asset objects unloaded after import = 3
========================================================================
Received Import Request.
  Time since last request: 440.616150 seconds.
  path: Assets/Resources/Scenes/Car_selection/LightingData.asset
  artifactKey: Guid(f4a81e8c7b274394b8ff8c6b3c66c215) Importer(815301076,1909f56bfc062723c751e8b465ee728b)
Start importing Assets/Resources/Scenes/Car_selection/LightingData.asset using Guid(f4a81e8c7b274394b8ff8c6b3c66c215) Importer(815301076,1909f56bfc062723c751e8b465ee728b)  -> (artifact id: 'b6dd8625072acffe6d3b218d408b65c3') in 0.004602 seconds
Number of updated asset objects reloaded before import = 0
Number of asset objects unloaded after import = 1
========================================================================
Received Import Request.
  Time since last request: 0.001137 seconds.
  path: Assets/Resources/Scenes/Car_selection/Lightmap-0_comp_dir.png
  artifactKey: Guid(6df8c3dcc6b6da24d914c8f06dc50f87) Importer(815301076,1909f56bfc062723c751e8b465ee728b)
Start importing Assets/Resources/Scenes/Car_selection/Lightmap-0_comp_dir.png using Guid(6df8c3dcc6b6da24d914c8f06dc50f87) Importer(815301076,1909f56bfc062723c751e8b465ee728b)  -> (artifact id: 'd6c2e2248b4de2c284f74fd6a725ef6e') in 0.015919 seconds
Number of updated asset objects reloaded before import = 0
Number of asset objects unloaded after import = 2
========================================================================
Received Import Request.
  Time since last request: 0.013703 seconds.
  path: Assets/Resources/Scenes/Car_selection/Lightmap-1_comp_dir.png
  artifactKey: Guid(38c62c1a5260fe64db95a8848a72e96a) Importer(815301076,1909f56bfc062723c751e8b465ee728b)
Start importing Assets/Resources/Scenes/Car_selection/Lightmap-1_comp_dir.png using Guid(38c62c1a5260fe64db95a8848a72e96a) Importer(815301076,1909f56bfc062723c751e8b465ee728b)  -> (artifact id: '9030f216ca563928252c9cfe62989ae2') in 0.018061 seconds
Number of updated asset objects reloaded before import = 0
Number of asset objects unloaded after import = 2
========================================================================
Received Import Request.
  Time since last request: 0.000011 seconds.
  path: Assets/Resources/Scenes/Car_selection/Lightmap-4_comp_dir.png
  artifactKey: Guid(04bd26b9adcebf848b8eb62794334506) Importer(815301076,1909f56bfc062723c751e8b465ee728b)
Start importing Assets/Resources/Scenes/Car_selection/Lightmap-4_comp_dir.png using Guid(04bd26b9adcebf848b8eb62794334506) Importer(815301076,1909f56bfc062723c751e8b465ee728b)  -> (artifact id: 'c1d925c07b3ccc2fb9453f3aa687b1c4') in 0.018788 seconds
Number of updated asset objects reloaded before import = 0
Number of asset objects unloaded after import = 2
========================================================================
Received Import Request.
  Time since last request: 0.000011 seconds.
  path: Assets/Resources/Scenes/Car_selection/Lightmap-4_comp_light.exr
  artifactKey: Guid(159255ee0ec8f754f850b06e2194c7ff) Importer(815301076,1909f56bfc062723c751e8b465ee728b)
Start importing Assets/Resources/Scenes/Car_selection/Lightmap-4_comp_light.exr using Guid(159255ee0ec8f754f850b06e2194c7ff) Importer(815301076,1909f56bfc062723c751e8b465ee728b)  -> (artifact id: '21f51588f1ae82dd2a809c2b95d97032') in 0.018581 seconds
Number of updated asset objects reloaded before import = 0
Number of asset objects unloaded after import = 2
========================================================================
Received Import Request.
  Time since last request: 0.000012 seconds.
  path: Assets/Resources/Scenes/Car_selection/Lightmap-5_comp_light.exr
  artifactKey: Guid(652c586f146b50c45bb943a9e30834c3) Importer(815301076,1909f56bfc062723c751e8b465ee728b)
Start importing Assets/Resources/Scenes/Car_selection/Lightmap-5_comp_light.exr using Guid(652c586f146b50c45bb943a9e30834c3) Importer(815301076,1909f56bfc062723c751e8b465ee728b)  -> (artifact id: '69c21609aa683077ea07b9384f96d367') in 0.017005 seconds
Number of updated asset objects reloaded before import = 0
Number of asset objects unloaded after import = 2
========================================================================
Received Import Request.
  Time since last request: 0.000010 seconds.
  path: Assets/Resources/Scenes/Car_selection/Lightmap-4_comp_shadowmask.png
  artifactKey: Guid(d1bd00c87365cff46a33a451b945d3d1) Importer(815301076,1909f56bfc062723c751e8b465ee728b)
Start importing Assets/Resources/Scenes/Car_selection/Lightmap-4_comp_shadowmask.png using Guid(d1bd00c87365cff46a33a451b945d3d1) Importer(815301076,1909f56bfc062723c751e8b465ee728b)  -> (artifact id: 'c01464b684c76612da3d02b8d9841bd6') in 0.016794 seconds
Number of updated asset objects reloaded before import = 0
Number of asset objects unloaded after import = 2
========================================================================
Received Import Request.
  Time since last request: 0.000012 seconds.
  path: Assets/Resources/Scenes/Car_selection/Lightmap-8_comp_dir.png
  artifactKey: Guid(b9a265710a29d1e4b8f1587e8d0ad7e6) Importer(815301076,1909f56bfc062723c751e8b465ee728b)
Start importing Assets/Resources/Scenes/Car_selection/Lightmap-8_comp_dir.png using Guid(b9a265710a29d1e4b8f1587e8d0ad7e6) Importer(815301076,1909f56bfc062723c751e8b465ee728b)  -> (artifact id: 'c6136172c2b1be5bbade8dfe5ad6c4a0') in 0.016287 seconds
Number of updated asset objects reloaded before import = 0
Number of asset objects unloaded after import = 2
========================================================================
Received Import Request.
  Time since last request: 0.000014 seconds.
  path: Assets/Resources/Scenes/Car_selection/Lightmap-5_comp_dir.png
  artifactKey: Guid(76c38abca87e28e469cc9786b0a4470c) Importer(815301076,1909f56bfc062723c751e8b465ee728b)
Start importing Assets/Resources/Scenes/Car_selection/Lightmap-5_comp_dir.png using Guid(76c38abca87e28e469cc9786b0a4470c) Importer(815301076,1909f56bfc062723c751e8b465ee728b)  -> (artifact id: 'f31cb5c36d9044bd72b4390f678b3982') in 0.017515 seconds
Number of updated asset objects reloaded before import = 0
Number of asset objects unloaded after import = 2
========================================================================
Received Import Request.
  Time since last request: 0.000020 seconds.
  path: Assets/Resources/Scenes/Car_selection/Lightmap-2_comp_shadowmask.png
  artifactKey: Guid(e6c0ef3d99a57bb4db3e75d47ffdf371) Importer(815301076,1909f56bfc062723c751e8b465ee728b)
Start importing Assets/Resources/Scenes/Car_selection/Lightmap-2_comp_shadowmask.png using Guid(e6c0ef3d99a57bb4db3e75d47ffdf371) Importer(815301076,1909f56bfc062723c751e8b465ee728b)  -> (artifact id: 'a05d596337486d6bc4a274a8fd334f87') in 0.016288 seconds
Number of updated asset objects reloaded before import = 0
Number of asset objects unloaded after import = 2
========================================================================
Received Import Request.
  Time since last request: 0.000010 seconds.
  path: Assets/Resources/Scenes/Car_selection/Lightmap-3_comp_light.exr
  artifactKey: Guid(970957204e9079f40bf457a32b46c845) Importer(815301076,1909f56bfc062723c751e8b465ee728b)
Start importing Assets/Resources/Scenes/Car_selection/Lightmap-3_comp_light.exr using Guid(970957204e9079f40bf457a32b46c845) Importer(815301076,1909f56bfc062723c751e8b465ee728b)  -> (artifact id: 'c98da5eca43523aefe62f7bbd25daf3f') in 0.016340 seconds
Number of updated asset objects reloaded before import = 0
Number of asset objects unloaded after import = 2
========================================================================
Received Import Request.
  Time since last request: 0.000010 seconds.
  path: Assets/Resources/Scenes/Car_selection/Lightmap-6_comp_light.exr
  artifactKey: Guid(ce790bffa59e5784eac3ddd8134d975f) Importer(815301076,1909f56bfc062723c751e8b465ee728b)
Start importing Assets/Resources/Scenes/Car_selection/Lightmap-6_comp_light.exr using Guid(ce790bffa59e5784eac3ddd8134d975f) Importer(815301076,1909f56bfc062723c751e8b465ee728b)  -> (artifact id: '0789609e2c65c02bc3ab424b0de25847') in 0.016667 seconds
Number of updated asset objects reloaded before import = 0
Number of asset objects unloaded after import = 2
========================================================================
Received Import Request.
  Time since last request: 0.000017 seconds.
  path: Assets/Resources/Scenes/Car_selection/Lightmap-3_comp_dir.png
  artifactKey: Guid(4edabe027d5f5ac40811e60f253cc9ad) Importer(815301076,1909f56bfc062723c751e8b465ee728b)
Start importing Assets/Resources/Scenes/Car_selection/Lightmap-3_comp_dir.png using Guid(4edabe027d5f5ac40811e60f253cc9ad) Importer(815301076,1909f56bfc062723c751e8b465ee728b)  -> (artifact id: 'e993ea3dcc40a8195a509e17b40a2911') in 0.014752 seconds
Number of updated asset objects reloaded before import = 0
Number of asset objects unloaded after import = 2
========================================================================
Received Import Request.
  Time since last request: 41.400371 seconds.
  path: Assets/Scripts/Menu_controllers/Car_selection_controller.cs
  artifactKey: Guid(2f30bfdb60e96484e90d10b5e8efd773) Importer(815301076,1909f56bfc062723c751e8b465ee728b)
Start importing Assets/Scripts/Menu_controllers/Car_selection_controller.cs using Guid(2f30bfdb60e96484e90d10b5e8efd773) Importer(815301076,1909f56bfc062723c751e8b465ee728b)  -> (artifact id: '4da8ddbbd3645467adcf37253adf8508') in 0.000457 seconds
Number of updated asset objects reloaded before import = 0
Number of asset objects unloaded after import = 0
========================================================================
Received Prepare
Begin MonoManager ReloadAssembly
- Loaded All Assemblies, in  0.296 seconds
Refreshing native plugins compatible for Editor in 2.00 ms, found 3 plugins.
Native extension for WindowsStandalone target not found
Native extension for WebGL target not found
[Package Manager] Server::EnsureServerProcessIsRunning -- launch failed, reason: Unity was launched with the -noUpm command-line argument
[Package Manager] UpmClient::Send -- Unable to send message (not connected to UPM process).
[Package Manager] Cannot connect to Unity Package Manager local server
Mono: successfully reloaded assembly
- Finished resetting the current domain, in  0.693 seconds
Domain Reload Profiling: 987ms
	BeginReloadAssembly (107ms)
		ExecutionOrderSort (0ms)
		DisableScriptedObjects (4ms)
		BackupInstance (0ms)
		ReleaseScriptingObjects (0ms)
		CreateAndSetChildDomain (28ms)
	RebuildCommonClasses (18ms)
	RebuildNativeTypeToScriptingClass (7ms)
	initialDomainReloadingComplete (17ms)
	LoadAllAssembliesAndSetupDomain (146ms)
		LoadAssemblies (182ms)
		RebuildTransferFunctionScriptingTraits (0ms)
		AnalyzeDomain (15ms)
			TypeCache.Refresh (5ms)
				TypeCache.ScanAssembly (1ms)
			ScanForSourceGeneratedMonoScriptInfo (5ms)
			ResolveRequiredComponents (3ms)
	FinalizeReload (693ms)
		ReleaseScriptCaches (0ms)
		RebuildScriptCaches (0ms)
		SetupLoadedEditorAssemblies (295ms)
			LogAssemblyErrors (0ms)
			InitializePlatformSupportModulesInManaged (5ms)
			SetLoadedEditorAssemblies (4ms)
			RefreshPlugins (0ms)
			BeforeProcessingInitializeOnLoad (58ms)
			ProcessInitializeOnLoadAttributes (212ms)
			ProcessInitializeOnLoadMethodAttributes (13ms)
			AfterProcessingInitializeOnLoad (4ms)
			EditorAssembliesLoaded (0ms)
		ExecutionOrderSort2 (0ms)
		AwakeInstancesAfterBackupRestoration (4ms)
Refreshing native plugins compatible for Editor in 3.29 ms, found 3 plugins.
Preloading 0 native plugins for Editor in 0.00 ms.
Unloading 3464 Unused Serialized files (Serialized files now loaded: 0)
Unloading 25 unused Assets / (71.5 KB). Loaded Objects now: 3984.
Memory consumption went from 140.2 MB to 140.2 MB.
Total: 2.401800 ms (FindLiveObjects: 0.301700 ms CreateObjectMapping: 0.057100 ms MarkObjects: 1.955000 ms  DeleteObjects: 0.086800 ms)

Prepare: number of updated asset objects reloaded= 0
AssetImportParameters requested are different than current active one (requested -> active):
  custom:container-demuxer-ogg: 62fdf1f143b41e24485cea50d1cbac27 -> 
  custom:video-codec-MediaFoundation-h265: 746d11721c4dcdbdad8f713fa42b33f4 -> 
  custom:video-decoder-ogg-theora: a1e56fd34408186e4bbccfd4996cb3dc -> 
  custom:framework-win-MediaFoundation: 216162199b28c13a410421893ffa2e32 -> 
  custom:CustomObjectIndexerAttribute: 9a22284fe3817be447336de3de66b15e -> 
  custom:container-demuxer-webm: 4f35f7cbe854078d1ac9338744f61a02 -> 
  custom:container-muxer-webm: aa71ff27fc2769a1b78a27578f13a17b -> 
  custom:video-decoder-webm-vp8: 9c59270c3fd7afecdb556c50c9e8de78 -> 
  custom:SearchIndexIgnoredProperties: e643bd26f0fe6173181afceb89e7c659 -> 
  custom:AudioImporter_EditorPlatform: d09bf68614088b80899f8185d706f6e7 -> 
  custom:video-encoder-webm-vp8: eb34c28f22e8b96e1ab97ce403110664 -> 
  custom:audio-decoder-ogg-vorbis: bf7c407c2cedff20999df2af8eb42d56 -> 
  custom:audio-encoder-webm-vorbis: bf7c407c2cedff20999df2af8eb42d56 -> 
========================================================================
Received Import Request.
  Time since last request: 13.028754 seconds.
  path: Assets/Scripts/Menu_controllers/Car_selection_controller.cs
  artifactKey: Guid(2f30bfdb60e96484e90d10b5e8efd773) Importer(815301076,1909f56bfc062723c751e8b465ee728b)
Start importing Assets/Scripts/Menu_controllers/Car_selection_controller.cs using Guid(2f30bfdb60e96484e90d10b5e8efd773) Importer(815301076,1909f56bfc062723c751e8b465ee728b)  -> (artifact id: '3891ae177186ced5575d34871d283365') in 0.003473 seconds
Number of updated asset objects reloaded before import = 0
Number of asset objects unloaded after import = 0
